<?xml version="1.0" encoding="UTF-8"?>
<!-- Generated by org.testng.reporters.JUnitReportReporter -->
<testsuite hostname="DESKTOP-2MGUQIL" failures="0" tests="1" name="testNG_Practice.CreateLeadTest_2" time="48.913" errors="0" timestamp="21 Oct 2022 04:00:48 GMT" skipped="0">
  <testcase classname="testNG_Practice.CreateLeadTest_2" name="createLeadTest" time="48.913"/>
</testsuite> <!-- testNG_Practice.CreateLeadTest_2 -->
