<?xml version="1.0" encoding="UTF-8"?>
<!-- Generated by org.testng.reporters.JUnitReportReporter -->
<testsuite hostname="DESKTOP-2MGUQIL" failures="0" tests="1" name="testNG_Practice.CreateOrganisation" time="34.512" errors="0" timestamp="20 Oct 2022 16:00:29 GMT" skipped="0">
  <testcase classname="testNG_Practice.CreateOrganisation" name="createOrganisationOnly" time="34.512"/>
</testsuite> <!-- testNG_Practice.CreateOrganisation -->
